# JRE version: Java(TM) SE Runtime Environment (8.0_231-b11) (build 1.8.0_231-b11)
# Java VM: Java HotSpot(TM) 64-Bit Server VM (25.231-b11 mixed mode windows-amd64 compressed oops)
Heap:
 PSYoungGen      total 65536K, used 11381K [0x00000000d6800000, 0x00000000db180000, 0x0000000100000000)
  eden space 56832K, 20% used [0x00000000d6800000,0x00000000d731d4e8,0x00000000d9f80000)
  from space 8704K, 0% used [0x00000000da900000,0x00000000da900000,0x00000000db180000)
  to   space 9216K, 0% used [0x00000000d9f80000,0x00000000d9f80000,0x00000000da880000)
 ParOldGen       total 51712K, used 14278K [0x0000000083800000, 0x0000000086a80000, 0x00000000d6800000)
  object space 51712K, 27% used [0x0000000083800000,0x00000000845f1b08,0x0000000086a80000)
 Metaspace       used 35855K, capacity 37987K, committed 38360K, reserved 1095680K
  class space    used 4864K, capacity 5226K, committed 5336K, reserved 1048576K
GC Heap History (10 events):
Event: 7.857 GC heap before
{Heap before GC invocations=13 (full 3):
 PSYoungGen      total 65536K, used 2563K [0x00000000d6800000, 0x00000000db180000, 0x0000000100000000)
  eden space 56832K, 0% used [0x00000000d6800000,0x00000000d6800000,0x00000000d9f80000)
  from space 8704K, 29% used [0x00000000da900000,0x00000000dab80eb8,0x00000000db180000)
  to   space 9216K, 0% used [0x00000000d9f80000,0x00000000d9f80000,0x00000000da880000)
 ParOldGen       total 51712K, used 15421K [0x0000000083800000, 0x0000000086a80000, 0x00000000d6800000)
  object space 51712K, 29% used [0x0000000083800000,0x000000008470f650,0x0000000086a80000)
 Metaspace       used 34694K, capacity 36733K, committed 36952K, reserved 1091584K
  class space    used 4695K, capacity 5070K, committed 5208K, reserved 1048576K
Event: 8.037 GC heap after
Heap after GC invocations=13 (full 3):
 PSYoungGen      total 65536K, used 0K [0x00000000d6800000, 0x00000000db180000, 0x0000000100000000)
  eden space 56832K, 0% used [0x00000000d6800000,0x00000000d6800000,0x00000000d9f80000)
  from space 8704K, 0% used [0x00000000da900000,0x00000000da900000,0x00000000db180000)
  to   space 9216K, 0% used [0x00000000d9f80000,0x00000000d9f80000,0x00000000da880000)
 ParOldGen       total 51712K, used 16491K [0x0000000083800000, 0x0000000086a80000, 0x00000000d6800000)
  object space 51712K, 31% used [0x0000000083800000,0x000000008481ad90,0x0000000086a80000)
 Metaspace       used 34694K, capacity 36733K, committed 36952K, reserved 1089536K
  class space    used 4695K, capacity 5070K, committed 5208K, reserved 1048576K
}
Event: 8.455 GC heap before
{Heap before GC invocations=14 (full 3):
 PSYoungGen      total 65536K, used 20936K [0x00000000d6800000, 0x00000000db180000, 0x0000000100000000)
  eden space 56832K, 36% used [0x00000000d6800000,0x00000000d7c72280,0x00000000d9f80000)
  from space 8704K, 0% used [0x00000000da900000,0x00000000da900000,0x00000000db180000)
  to   space 9216K, 0% used [0x00000000d9f80000,0x00000000d9f80000,0x00000000da880000)
 ParOldGen       total 51712K, used 16491K [0x0000000083800000, 0x0000000086a80000, 0x00000000d6800000)
  object space 51712K, 31% used [0x0000000083800000,0x000000008481ad90,0x0000000086a80000)
 Metaspace       used 35796K, capacity 37989K, committed 38104K, reserved 1097728K
  class space    used 4847K, capacity 5240K, committed 5336K, reserved 1048576K
Event: 8.458 GC heap after
Heap after GC invocations=14 (full 3):
 PSYoungGen      total 66048K, used 2336K [0x00000000d6800000, 0x00000000db180000, 0x0000000100000000)
  eden space 56832K, 0% used [0x00000000d6800000,0x00000000d6800000,0x00000000d9f80000)
  from space 9216K, 25% used [0x00000000d9f80000,0x00000000da1c8358,0x00000000da880000)
  to   space 8704K, 0% used [0x00000000da900000,0x00000000da900000,0x00000000db180000)
 ParOldGen       total 51712K, used 16499K [0x0000000083800000, 0x0000000086a80000, 0x00000000d6800000)
  object space 51712K, 31% used [0x0000000083800000,0x000000008481cd90,0x0000000086a80000)
 Metaspace       used 35796K, capacity 37989K, committed 38104K, reserved 1097728K
  class space    used 4847K, capacity 5240K, committed 5336K, reserved 1048576K
}
Event: 8.458 GC heap before
{Heap before GC invocations=15 (full 4):
 PSYoungGen      total 66048K, used 2336K [0x00000000d6800000, 0x00000000db180000, 0x0000000100000000)
  eden space 56832K, 0% used [0x00000000d6800000,0x00000000d6800000,0x00000000d9f80000)
  from space 9216K, 25% used [0x00000000d9f80000,0x00000000da1c8358,0x00000000da880000)
  to   space 8704K, 0% used [0x00000000da900000,0x00000000da900000,0x00000000db180000)
 ParOldGen       total 51712K, used 16499K [0x0000000083800000, 0x0000000086a80000, 0x00000000d6800000)
  object space 51712K, 31% used [0x0000000083800000,0x000000008481cd90,0x0000000086a80000)
 Metaspace       used 35796K, capacity 37989K, committed 38104K, reserved 1097728K
  class space    used 4847K, capacity 5240K, committed 5336K, reserved 1048576K
Event: 8.523 GC heap after
Heap after GC invocations=15 (full 4):
 PSYoungGen      total 66048K, used 0K [0x00000000d6800000, 0x00000000db180000, 0x0000000100000000)
  eden space 56832K, 0% used [0x00000000d6800000,0x00000000d6800000,0x00000000d9f80000)
  from space 9216K, 0% used [0x00000000d9f80000,0x00000000d9f80000,0x00000000da880000)
  to   space 8704K, 0% used [0x00000000da900000,0x00000000da900000,0x00000000db180000)
 ParOldGen       total 51712K, used 17623K [0x0000000083800000, 0x0000000086a80000, 0x00000000d6800000)
  object space 51712K, 34% used [0x0000000083800000,0x0000000084935ff8,0x0000000086a80000)
 Metaspace       used 35796K, capacity 37989K, committed 38104K, reserved 1093632K
  class space    used 4847K, capacity 5240K, committed 5336K, reserved 1048576K
}
Event: 8.523 GC heap before
{Heap before GC invocations=16 (full 4):
 PSYoungGen      total 66048K, used 0K [0x00000000d6800000, 0x00000000db180000, 0x0000000100000000)
  eden space 56832K, 0% used [0x00000000d6800000,0x00000000d6800000,0x00000000d9f80000)
  from space 9216K, 0% used [0x00000000d9f80000,0x00000000d9f80000,0x00000000da880000)
  to   space 8704K, 0% used [0x00000000da900000,0x00000000da900000,0x00000000db180000)
 ParOldGen       total 51712K, used 17623K [0x0000000083800000, 0x0000000086a80000, 0x00000000d6800000)
  object space 51712K, 34% used [0x0000000083800000,0x0000000084935ff8,0x0000000086a80000)
 Metaspace       used 35796K, capacity 37989K, committed 38104K, reserved 1097728K
  class space    used 4847K, capacity 5240K, committed 5336K, reserved 1048576K
Event: 8.525 GC heap after
Heap after GC invocations=16 (full 4):
 PSYoungGen      total 65536K, used 0K [0x00000000d6800000, 0x00000000db180000, 0x0000000100000000)
  eden space 56832K, 0% used [0x00000000d6800000,0x00000000d6800000,0x00000000d9f80000)
  from space 8704K, 0% used [0x00000000da900000,0x00000000da900000,0x00000000db180000)
  to   space 9216K, 0% used [0x00000000d9f80000,0x00000000d9f80000,0x00000000da880000)
 ParOldGen       total 51712K, used 17623K [0x0000000083800000, 0x0000000086a80000, 0x00000000d6800000)
  object space 51712K, 34% used [0x0000000083800000,0x0000000084935ff8,0x0000000086a80000)
 Metaspace       used 35796K, capacity 37989K, committed 38104K, reserved 1097728K
  class space    used 4847K, capacity 5240K, committed 5336K, reserved 1048576K
}
Event: 8.525 GC heap before
{Heap before GC invocations=17 (full 5):
 PSYoungGen      total 65536K, used 0K [0x00000000d6800000, 0x00000000db180000, 0x0000000100000000)
  eden space 56832K, 0% used [0x00000000d6800000,0x00000000d6800000,0x00000000d9f80000)
  from space 8704K, 0% used [0x00000000da900000,0x00000000da900000,0x00000000db180000)
  to   space 9216K, 0% used [0x00000000d9f80000,0x00000000d9f80000,0x00000000da880000)
 ParOldGen       total 51712K, used 17623K [0x0000000083800000, 0x0000000086a80000, 0x00000000d6800000)
  object space 51712K, 34% used [0x0000000083800000,0x0000000084935ff8,0x0000000086a80000)
 Metaspace       used 35796K, capacity 37989K, committed 38104K, reserved 1097728K
  class space    used 4847K, capacity 5240K, committed 5336K, reserved 1048576K
Event: 8.609 GC heap after
Heap after GC invocations=17 (full 5):
 PSYoungGen      total 65536K, used 0K [0x00000000d6800000, 0x00000000db180000, 0x0000000100000000)
  eden space 56832K, 0% used [0x00000000d6800000,0x00000000d6800000,0x00000000d9f80000)
  from space 8704K, 0% used [0x00000000da900000,0x00000000da900000,0x00000000db180000)
  to   space 9216K, 0% used [0x00000000d9f80000,0x00000000d9f80000,0x00000000da880000)
 ParOldGen       total 51712K, used 14278K [0x0000000083800000, 0x0000000086a80000, 0x00000000d6800000)
  object space 51712K, 27% used [0x0000000083800000,0x00000000845f1b08,0x0000000086a80000)
 Metaspace       used 35545K, capacity 37585K, committed 38104K, reserved 1093632K
  class space    used 4807K, capacity 5168K, committed 5336K, reserved 1048576K
}

